<?xml version="1.0" encoding="UTF-8"?>
<testsuite xmlns:xsi="http://www.w3.org/2001/XMLSchema-instance" xsi:noNamespaceSchemaLocation="https://maven.apache.org/surefire/maven-surefire-plugin/xsd/surefire-test-report-3.0.xsd" version="3.0" name="com.students2.student2.Student2ApplicationTests" time="2.752" tests="1" errors="0" skipped="0" failures="0">
  <properties>
[...]
</properties>
  <testcase name="contextLoads" classname="com.students2.student2.Student2ApplicationTests" time="0.323">
    <system-out><![CDATA[17:39:24.181 [main] INFO org.springframework.test.context.support.AnnotationConfigContextLoaderUtils -- Could not detect default configuration classes for test class [com.students2.student2.Student2ApplicationTests]: Student2ApplicationTests does not declare any static, non-private, non-final, nested classes annotated with @Configuration.
17:39:24.222 [main] INFO org.springframework.boot.test.context.SpringBootTestContextBootstrapper -- Found @SpringBootConfiguration com.students2.student2.Student2Application for test class com.students2.student2.Student2ApplicationTests
2023-12-21T17:39:24.398+02:00  INFO 14584 --- [           main] c.s.student2.Student2ApplicationTests    : Starting Student2ApplicationTests using Java 21.0.1 with PID 14584 (started by scandiy in /Users/scandiy/Desktop/StudProject/stud_project)
2023-12-21T17:39:24.401+02:00  INFO 14584 --- [           main] c.s.student2.Student2ApplicationTests    : No active profile set, falling back to 1 default profile: "default"
2023-12-21T17:39:24.691+02:00  INFO 14584 --- [           main] .s.d.r.c.RepositoryConfigurationDelegate : Bootstrapping Spring Data JPA repositories in DEFAULT mode.
2023-12-21T17:39:24.721+02:00  INFO 14584 --- [           main] .s.d.r.c.RepositoryConfigurationDelegate : Finished Spring Data repository scanning in 27 ms. Found 7 JPA repository interfaces.
2023-12-21T17:39:24.959+02:00  INFO 14584 --- [           main] com.zaxxer.hikari.HikariDataSource       : HikariPool-1 - Starting...
2023-12-21T17:39:25.109+02:00  INFO 14584 --- [           main] com.zaxxer.hikari.pool.HikariPool        : HikariPool-1 - Added connection org.postgresql.jdbc.PgConnection@7a682d35
2023-12-21T17:39:25.110+02:00  INFO 14584 --- [           main] com.zaxxer.hikari.HikariDataSource       : HikariPool-1 - Start completed.
2023-12-21T17:39:25.142+02:00  INFO 14584 --- [           main] o.f.c.internal.license.VersionPrinter    : Flyway Community Edition 9.22.2 by Redgate
2023-12-21T17:39:25.142+02:00  INFO 14584 --- [           main] o.f.c.internal.license.VersionPrinter    : See release notes here: https://rd.gt/416ObMi
2023-12-21T17:39:25.142+02:00  INFO 14584 --- [           main] o.f.c.internal.license.VersionPrinter    : 
2023-12-21T17:39:25.151+02:00  INFO 14584 --- [           main] org.flywaydb.core.FlywayExecutor         : Database: jdbc:postgresql://localhost:5432/school_db (PostgreSQL 16.1)
2023-12-21T17:39:25.157+02:00  WARN 14584 --- [           main] o.f.c.internal.database.base.Database    : Flyway upgrade recommended: PostgreSQL 16.1 is newer than this version of Flyway and support has not been tested. The latest supported version of PostgreSQL is 15.
2023-12-21T17:39:25.195+02:00  INFO 14584 --- [           main] o.f.core.internal.command.DbValidate     : Successfully validated 3 migrations (execution time 00:00.031s)
2023-12-21T17:39:25.240+02:00  INFO 14584 --- [           main] o.f.core.internal.command.DbMigrate      : Current version of schema "public": 3
2023-12-21T17:39:25.242+02:00  INFO 14584 --- [           main] o.f.core.internal.command.DbMigrate      : Schema "public" is up to date. No migration necessary.
2023-12-21T17:39:25.293+02:00  INFO 14584 --- [           main] o.hibernate.jpa.internal.util.LogHelper  : HHH000204: Processing PersistenceUnitInfo [name: default]
2023-12-21T17:39:25.320+02:00  INFO 14584 --- [           main] org.hibernate.Version                    : HHH000412: Hibernate ORM core version 6.2.9.Final
2023-12-21T17:39:25.321+02:00  INFO 14584 --- [           main] org.hibernate.cfg.Environment            : HHH000406: Using bytecode reflection optimizer
2023-12-21T17:39:25.377+02:00  INFO 14584 --- [           main] o.h.b.i.BytecodeProviderInitiator        : HHH000021: Bytecode provider name : bytebuddy
2023-12-21T17:39:25.430+02:00  INFO 14584 --- [           main] o.s.o.j.p.SpringPersistenceUnitInfo      : No LoadTimeWeaver setup: ignoring JPA class transformer
2023-12-21T17:39:25.557+02:00  INFO 14584 --- [           main] o.h.b.i.BytecodeProviderInitiator        : HHH000021: Bytecode provider name : bytebuddy
2023-12-21T17:39:25.604+02:00  WARN 14584 --- [           main] org.hibernate.mapping.RootClass          : HHH000038: Composite-id class does not override equals(): com.students2.student2.entities.EndOfDayId
2023-12-21T17:39:25.604+02:00  WARN 14584 --- [           main] org.hibernate.mapping.RootClass          : HHH000039: Composite-id class does not override hashCode(): com.students2.student2.entities.EndOfDayId
2023-12-21T17:39:25.872+02:00  INFO 14584 --- [           main] o.h.e.t.j.p.i.JtaPlatformInitiator       : HHH000490: Using JtaPlatform implementation: [org.hibernate.engine.transaction.jta.platform.internal.NoJtaPlatform]
2023-12-21T17:39:25.962+02:00  INFO 14584 --- [           main] j.LocalContainerEntityManagerFactoryBean : Initialized JPA EntityManagerFactory for persistence unit 'default'
2023-12-21T17:39:26.315+02:00  INFO 14584 --- [           main] o.s.s.web.DefaultSecurityFilterChain     : Will secure any request with [org.springframework.security.web.session.DisableEncodeUrlFilter@5bfeb9ba, org.springframework.security.web.context.request.async.WebAsyncManagerIntegrationFilter@4cf1bd4a, org.springframework.security.web.context.SecurityContextHolderFilter@5980e29f, org.springframework.security.web.header.HeaderWriterFilter@1c618295, org.springframework.security.web.authentication.logout.LogoutFilter@74cf2d5f, com.students2.student2.security.jwt.AuthTokenFilter@c3c63c1, org.springframework.security.web.savedrequest.RequestCacheAwareFilter@487bc2fe, org.springframework.security.web.servletapi.SecurityContextHolderAwareRequestFilter@6491006, org.springframework.security.web.authentication.AnonymousAuthenticationFilter@26619e5, org.springframework.security.web.session.SessionManagementFilter@178c4480, org.springframework.security.web.access.ExceptionTranslationFilter@c7d173f, org.springframework.security.web.access.intercept.AuthorizationFilter@11a0c708]
2023-12-21T17:39:26.520+02:00  INFO 14584 --- [           main] c.s.student2.Student2ApplicationTests    : Started Student2ApplicationTests in 2.23 seconds (process running for 2.654)
]]></system-out>
    <system-err><![CDATA[SLF4J: Class path contains multiple SLF4J providers.
SLF4J: Found provider [ch.qos.logback.classic.spi.LogbackServiceProvider@4a94ee4]
SLF4J: Found provider [org.apache.logging.slf4j.SLF4JServiceProvider@4cc451f2]
SLF4J: See https://www.slf4j.org/codes.html#multiple_bindings for an explanation.
SLF4J: Actual provider is of type [ch.qos.logback.classic.spi.LogbackServiceProvider@4a94ee4]
WARNING: A Java agent has been loaded dynamically (/Users/scandiy/.m2/repository/net/bytebuddy/byte-buddy-agent/1.14.8/byte-buddy-agent-1.14.8.jar)
WARNING: If a serviceability tool is in use, please run with -XX:+EnableDynamicAgentLoading to hide this warning
WARNING: If a serviceability tool is not in use, please run with -Djdk.instrument.traceUsage for more information
WARNING: Dynamic loading of agents will be disallowed by default in a future release
]]></system-err>
  </testcase>
</testsuite>